d:\university\k1s2\sda\prep\sfml_rpg\sfml_rpg\debug\vc143.pdb
d:\university\k1s2\sda\prep\sfml_rpg\sfml_rpg\debug\vc143.idb
d:\university\k1s2\sda\prep\sfml_rpg\sfml_rpg\debug\state.obj
d:\university\k1s2\sda\prep\sfml_rpg\sfml_rpg\debug\main.obj
d:\university\k1s2\sda\prep\sfml_rpg\sfml_rpg\debug\gamestate.obj
d:\university\k1s2\sda\prep\sfml_rpg\sfml_rpg\debug\game.obj
d:\university\k1s2\sda\prep\sfml_rpg\sfml_rpg\debug\entity.obj
d:\university\k1s2\sda\prep\sfml_rpg\debug\sfml_rpg.exe
d:\university\k1s2\sda\prep\sfml_rpg\sfml_rpg\debug\sfml_rpg.ilk
d:\university\k1s2\sda\prep\sfml_rpg\debug\sfml_rpg.pdb
d:\university\k1s2\sda\prep\sfml_rpg\sfml_rpg\debug\game.obj.enc
d:\university\k1s2\sda\prep\sfml_rpg\sfml_rpg\debug\entity.nativecodeanalysis.xml
d:\university\k1s2\sda\prep\sfml_rpg\sfml_rpg\debug\game.nativecodeanalysis.xml
d:\university\k1s2\sda\prep\sfml_rpg\sfml_rpg\debug\gamestate.nativecodeanalysis.xml
d:\university\k1s2\sda\prep\sfml_rpg\sfml_rpg\debug\main.nativecodeanalysis.xml
d:\university\k1s2\sda\prep\sfml_rpg\sfml_rpg\debug\state.nativecodeanalysis.xml
d:\university\k1s2\sda\prep\sfml_rpg\sfml_rpg\debug\vc.nativecodeanalysis.all.xml
d:\university\k1s2\sda\prep\sfml_rpg\sfml_rpg\debug\sfml_rpg.tlog\cl.command.1.tlog
d:\university\k1s2\sda\prep\sfml_rpg\sfml_rpg\debug\sfml_rpg.tlog\cl.read.1.tlog
d:\university\k1s2\sda\prep\sfml_rpg\sfml_rpg\debug\sfml_rpg.tlog\cl.write.1.tlog
d:\university\k1s2\sda\prep\sfml_rpg\sfml_rpg\debug\sfml_rpg.tlog\link.command.1.tlog
d:\university\k1s2\sda\prep\sfml_rpg\sfml_rpg\debug\sfml_rpg.tlog\link.read.1.tlog
d:\university\k1s2\sda\prep\sfml_rpg\sfml_rpg\debug\sfml_rpg.tlog\link.write.1.tlog
