  Button.cpp
  Entity.cpp
  Game.cpp
  GameState.cpp
  main.cpp
  MainMenuState.cpp
D:\University\k1s2\sda\prep\SFML_RPG\SFML_RPG\MainMenuState.cpp(48,78): warning C4244: аргумент: преобразование "T" в "T", возможна потеря данных
          with
          [
              T=unsigned int
          ]
          and
          [
              T=float
          ]
D:\University\k1s2\sda\prep\SFML_RPG\SFML_RPG\MainMenuState.cpp(48,57): warning C4244: аргумент: преобразование "T" в "T", возможна потеря данных
          with
          [
              T=unsigned int
          ]
          and
          [
              T=float
          ]
  State.cpp
  Создание кода
  Previous IPDB not found, fall back to full compilation.
  All 555 functions were compiled because no usable IPDB/IOBJ from previous compilation was found.
  Создание кода завершено
  SFML_RPG.vcxproj -> D:\University\k1s2\sda\prep\SFML_RPG\Release\SFML_RPG.exe
